{
  "address": "::1",
  "code": "ECONNREFUSED",
  "errno": -4078,
  "level": "error",
  "message": "Error during datasource initialization  connect ECONNREFUSED ::1:3456",
  "port": 3456,
  "stack": "Error: connect ECONNREFUSED ::1:3456\n    at TCPConnectWrap.afterConnect [as oncomplete] (node:net:1300:16)",
  "syscall": "connect"
}
{
  "address": "::1",
  "code": "ECONNREFUSED",
  "errno": -4078,
  "level": "error",
  "message": "Error during datasource initialization  connect ECONNREFUSED ::1:3456",
  "port": 3456,
  "stack": "Error: connect ECONNREFUSED ::1:3456\n    at TCPConnectWrap.afterConnect [as oncomplete] (node:net:1300:16)",
  "syscall": "connect"
}
{
  "address": "::1",
  "code": "ECONNREFUSED",
  "errno": -4078,
  "level": "error",
  "message": "Error during datasource initialization  connect ECONNREFUSED ::1:3456",
  "port": 3456,
  "stack": "Error: connect ECONNREFUSED ::1:3456\n    at TCPConnectWrap.afterConnect [as oncomplete] (node:net:1300:16)",
  "syscall": "connect"
}
{
  "address": "::1",
  "code": "ECONNREFUSED",
  "errno": -4078,
  "level": "error",
  "message": "Error during datasource initialization  connect ECONNREFUSED ::1:3456",
  "port": 3456,
  "stack": "Error: connect ECONNREFUSED ::1:3456\n    at TCPConnectWrap.afterConnect [as oncomplete] (node:net:1300:16)",
  "syscall": "connect"
}
{
  "address": "::1",
  "code": "ECONNREFUSED",
  "errno": -4078,
  "level": "error",
  "message": "Error during datasource initialization  connect ECONNREFUSED ::1:3456",
  "port": 3456,
  "stack": "Error: connect ECONNREFUSED ::1:3456\n    at TCPConnectWrap.afterConnect [as oncomplete] (node:net:1300:16)",
  "syscall": "connect"
}
{
  "address": "::1",
  "code": "ECONNREFUSED",
  "errno": -4078,
  "level": "error",
  "message": "Error during datasource initialization  connect ECONNREFUSED ::1:3456",
  "port": 3456,
  "stack": "Error: connect ECONNREFUSED ::1:3456\n    at TCPConnectWrap.afterConnect [as oncomplete] (node:net:1300:16)",
  "syscall": "connect"
}
{
  "level": "info",
  "message": "The datasource has been initialized"
}
{
  "level": "info",
  "message": "Express has been initialized"
}
{
  "level": "info",
  "message": "HTTP Rest api server is running on http://localhost:9000"
}
{
  "level": "info",
  "message": "The datasource has been initialized"
}
{
  "level": "info",
  "message": "Express has been initialized"
}
{
  "level": "info",
  "message": "HTTP Rest api server is running on http://localhost:9000/api"
}
{
  "level": "info",
  "message": "The datasource has been initialized"
}
{
  "level": "info",
  "message": "Express has been initialized"
}
{
  "level": "info",
  "message": "HTTP Rest api server is running on http://localhost:9000/api"
}
{
  "level": "info",
  "message": "The datasource has been initialized"
}
{
  "level": "info",
  "message": "Express has been initialized"
}
{
  "level": "info",
  "message": "HTTP Rest api server is running on http://localhost:8080/api"
}
{
  "level": "info",
  "message": "The datasource has been initialized"
}
{
  "level": "info",
  "message": "Express has been initialized"
}
{
  "level": "info",
  "message": "HTTP Rest api server is running on http://localhost:8080/api"
}
{
  "level": "info",
  "message": "The datasource has been initialized"
}
{
  "level": "info",
  "message": "Express has been initialized"
}
{
  "level": "info",
  "message": "HTTP Rest api server is running on http://localhost:8080/api"
}
{
  "level": "info",
  "message": "The datasource has been initialized"
}
{
  "level": "info",
  "message": "Express has been initialized"
}
{
  "level": "info",
  "message": "HTTP Rest api server is running on http://localhost:8080/api"
}
{
  "level": "info",
  "message": "The datasource has been initialized"
}
{
  "level": "info",
  "message": "The datasource has been initialized"
}
{
  "level": "info",
  "message": "The datasource has been initialized"
}
{
  "level": "info",
  "message": "Express has been initialized"
}
{
  "level": "info",
  "message": "HTTP Rest api server is running on http://localhost:8080/api"
}
{
  "level": "info",
  "message": "The datasource has been initialized"
}
{
  "level": "info",
  "message": "Express has been initialized"
}
{
  "level": "info",
  "message": "HTTP Rest api server is running on http://localhost:8080/api"
}
{
  "level": "info",
  "message": "The datasource has been initialized"
}
{
  "level": "info",
  "message": "Express has been initialized"
}
{
  "level": "info",
  "message": "HTTP Rest api server is running on http://localhost:8080/api"
}
{
  "level": "info",
  "message": "The datasource has been initialized"
}
{
  "level": "info",
  "message": "Express has been initialized"
}
{
  "level": "info",
  "message": "HTTP Rest api server is running on http://localhost:8080/api"
}
{
  "level": "info",
  "message": "The datasource has been initialized"
}
{
  "level": "info",
  "message": "Express has been initialized"
}
{
  "level": "info",
  "message": "HTTP Rest api server is running on http://localhost:8080/api"
}
{
  "level": "info",
  "message": "The datasource has been initialized"
}
{
  "level": "info",
  "message": "Express has been initialized"
}
{
  "level": "info",
  "message": "HTTP Rest api server is running on http://localhost:8080/api"
}
{
  "level": "info",
  "message": "The datasource has been initialized"
}
{
  "level": "info",
  "message": "Express has been initialized"
}
{
  "level": "info",
  "message": "HTTP Rest api server is running on http://localhost:8080/api"
}
{
  "level": "info",
  "message": "The datasource has been initialized"
}
{
  "level": "info",
  "message": "Express has been initialized"
}
{
  "level": "info",
  "message": "HTTP Rest api server is running on http://localhost:8080/api"
}
{
  "level": "info",
  "message": "The datasource has been initialized"
}
{
  "level": "info",
  "message": "Express has been initialized"
}
{
  "level": "info",
  "message": "HTTP Rest api server is running on http://localhost:8080/api"
}
{
  "level": "info",
  "message": "The datasource has been initialized"
}
{
  "level": "info",
  "message": "Express has been initialized"
}
{
  "level": "info",
  "message": "HTTP Rest api server is running on http://localhost:8080/api"
}
{
  "level": "info",
  "message": "The datasource has been initialized"
}
{
  "level": "info",
  "message": "Express has been initialized"
}
{
  "level": "info",
  "message": "HTTP Rest api server is running on http://localhost:8080/api"
}
{
  "level": "info",
  "message": "The datasource has been initialized"
}
{
  "level": "info",
  "message": "Express has been initialized"
}
{
  "level": "info",
  "message": "HTTP Rest api server is running on http://localhost:8080/api"
}
{
  "level": "info",
  "message": "The datasource has been initialized"
}
{
  "level": "info",
  "message": "Express has been initialized"
}
{
  "level": "info",
  "message": "HTTP Rest api server is running on http://localhost:8080/api"
}
{
  "level": "info",
  "message": "The datasource has been initialized"
}
{
  "level": "info",
  "message": "Express has been initialized"
}
{
  "level": "info",
  "message": "HTTP Rest api server is running on http://localhost:8080/api"
}
{
  "level": "info",
  "message": "The datasource has been initialized"
}
{
  "level": "info",
  "message": "Express has been initialized"
}
{
  "level": "info",
  "message": "HTTP Rest api server is running on http://localhost:8080/api"
}
{
  "level": "info",
  "message": "The datasource has been initialized"
}
{
  "level": "info",
  "message": "Express has been initialized"
}
{
  "level": "info",
  "message": "HTTP Rest api server is running on http://localhost:8080/api"
}
{
  "level": "info",
  "message": "The datasource has been initialized"
}
{
  "level": "info",
  "message": "Express has been initialized"
}
{
  "level": "info",
  "message": "HTTP Rest api server is running on http://localhost:8080/api"
}
{
  "level": "info",
  "message": "The datasource has been initialized"
}
{
  "level": "info",
  "message": "Express has been initialized"
}
{
  "level": "info",
  "message": "HTTP Rest api server is running on http://localhost:8080/api"
}
{
  "level": "info",
  "message": "The datasource has been initialized"
}
{
  "level": "info",
  "message": "Express has been initialized"
}
{
  "level": "info",
  "message": "HTTP Rest api server is running on http://localhost:8080/api"
}
{
  "level": "info",
  "message": "The datasource has been initialized"
}
{
  "level": "info",
  "message": "Express has been initialized"
}
{
  "level": "info",
  "message": "HTTP Rest api server is running on http://localhost:8080/api"
}
{
  "level": "info",
  "message": "The datasource has been initialized"
}
{
  "level": "info",
  "message": "Express has been initialized"
}
{
  "level": "info",
  "message": "HTTP Rest api server is running on http://localhost:8080/api"
}
{
  "level": "info",
  "message": "The datasource has been initialized"
}
{
  "level": "info",
  "message": "Express has been initialized"
}
{
  "level": "info",
  "message": "HTTP Rest api server is running on http://localhost:8080/api"
}
{
  "level": "info",
  "message": "The datasource has been initialized"
}
{
  "level": "info",
  "message": "Express has been initialized"
}
{
  "level": "info",
  "message": "HTTP Rest api server is running on http://localhost:8080/api"
}
{
  "level": "info",
  "message": "The datasource has been initialized"
}
{
  "level": "info",
  "message": "Express has been initialized"
}
{
  "level": "info",
  "message": "HTTP Rest api server is running on http://localhost:8080/api"
}
{
  "level": "info",
  "message": "The datasource has been initialized"
}
{
  "level": "info",
  "message": "Express has been initialized"
}
{
  "level": "info",
  "message": "HTTP Rest api server is running on http://localhost:8080/api"
}
{
  "level": "info",
  "message": "The datasource has been initialized"
}
{
  "level": "info",
  "message": "Express has been initialized"
}
{
  "level": "info",
  "message": "HTTP Rest api server is running on http://localhost:8080/api"
}
{
  "level": "info",
  "message": "DbInfo[object Object]"
}
{
  "level": "info",
  "message": "The datasource has been initialized"
}
{
  "level": "info",
  "message": "Express has been initialized"
}
{
  "level": "info",
  "message": "HTTP Rest api server is running on http://localhost:8080/api"
}
{
  "level": "info",
  "message": "DbInfo[object Object]"
}
{
  "level": "info",
  "message": "The datasource has been initialized"
}
{
  "level": "info",
  "message": "Express has been initialized"
}
{
  "level": "info",
  "message": "HTTP Rest api server is running on http://localhost:8080/api"
}
{
  "level": "info",
  "message": "DbInfo[object Object]"
}
{
  "level": "info",
  "message": "The datasource has been initialized"
}
{
  "level": "info",
  "message": "Express has been initialized"
}
{
  "level": "info",
  "message": "HTTP Rest api server is running on http://localhost:8080/api"
}
{
  "level": "info",
  "message": "DbInfo[object Object]"
}
{
  "level": "info",
  "message": "The datasource has been initialized"
}
{
  "level": "info",
  "message": "Express has been initialized"
}
{
  "level": "info",
  "message": "HTTP Rest api server is running on http://localhost:8080/api"
}
{
  "level": "info",
  "message": "DbInfo[object Object]"
}
{
  "level": "info",
  "message": "The datasource has been initialized"
}
{
  "level": "info",
  "message": "Express has been initialized"
}
{
  "level": "info",
  "message": "HTTP Rest api server is running on http://localhost:8080/api"
}
{
  "level": "info",
  "message": "DbInfo[object Object]"
}
{
  "level": "info",
  "message": "The datasource has been initialized"
}
{
  "level": "info",
  "message": "Express has been initialized"
}
{
  "level": "info",
  "message": "HTTP Rest api server is running on http://localhost:8080/api"
}
{
  "level": "info",
  "message": "DbInfo[object Object]"
}
{
  "level": "info",
  "message": "The datasource has been initialized"
}
{
  "level": "info",
  "message": "Express has been initialized"
}
{
  "level": "info",
  "message": "HTTP Rest api server is running on http://localhost:8080/api"
}
{
  "level": "info",
  "message": "The datasource has been initialized"
}
{
  "level": "info",
  "message": "Express has been initialized"
}
{
  "level": "info",
  "message": "HTTP Rest api server is running on http://localhost:8080/api"
}
{
  "level": "info",
  "message": "The datasource has been initialized"
}
{
  "level": "info",
  "message": "Express has been initialized"
}
{
  "level": "info",
  "message": "HTTP Rest api server is running on http://localhost:8080/api"
}
{
  "level": "info",
  "message": "The datasource has been initialized"
}
{
  "level": "info",
  "message": "Express has been initialized"
}
{
  "level": "info",
  "message": "HTTP Rest api server is running on http://localhost:8080/api"
}
{
  "level": "info",
  "message": "The datasource has been initialized"
}
{
  "level": "info",
  "message": "Express has been initialized"
}
{
  "level": "info",
  "message": "HTTP Rest api server is running on http://localhost:8080/api"
}
{
  "level": "info",
  "message": "The datasource has been initialized"
}
{
  "level": "info",
  "message": "Express has been initialized"
}
{
  "level": "info",
  "message": "HTTP Rest api server is running on http://localhost:8080/api"
}
{
  "level": "info",
  "message": "The datasource has been initialized"
}
{
  "level": "info",
  "message": "Express has been initialized"
}
{
  "level": "info",
  "message": "HTTP Rest api server is running on http://localhost:8080/api"
}
{
  "level": "info",
  "message": "The datasource has been initialized"
}
{
  "level": "info",
  "message": "Express has been initialized"
}
{
  "level": "info",
  "message": "HTTP Rest api server is running on http://localhost:8080/api"
}
{
  "level": "info",
  "message": "The datasource has been initialized"
}
{
  "level": "info",
  "message": "Express has been initialized"
}
{
  "level": "info",
  "message": "HTTP Rest api server is running on http://localhost:8080/api"
}
{
  "level": "info",
  "message": "The datasource has been initialized"
}
{
  "level": "info",
  "message": "Express has been initialized"
}
{
  "level": "info",
  "message": "HTTP Rest api server is running on http://localhost:8080/api"
}
{
  "level": "info",
  "message": "The datasource has been initialized"
}
{
  "level": "info",
  "message": "Express has been initialized"
}
{
  "level": "info",
  "message": "HTTP Rest api server is running on http://localhost:8080/api"
}
{
  "level": "info",
  "message": "The datasource has been initialized"
}
{
  "level": "info",
  "message": "Express has been initialized"
}
{
  "level": "info",
  "message": "HTTP Rest api server is running on http://localhost:8080/api"
}
{
  "level": "info",
  "message": "The datasource has been initialized"
}
{
  "level": "info",
  "message": "Express has been initialized"
}
{
  "level": "info",
  "message": "HTTP Rest api server is running on http://localhost:8080/api"
}
{
  "level": "info",
  "message": "The datasource has been initialized"
}
{
  "level": "info",
  "message": "Express has been initialized"
}
{
  "level": "info",
  "message": "HTTP Rest api server is running on http://localhost:8080/api"
}
{
  "level": "info",
  "message": "The datasource has been initialized"
}
{
  "level": "info",
  "message": "Express has been initialized"
}
{
  "level": "info",
  "message": "HTTP Rest api server is running on http://localhost:8080/api"
}
{
  "level": "info",
  "message": "The datasource has been initialized"
}
{
  "level": "info",
  "message": "Express has been initialized"
}
{
  "level": "info",
  "message": "HTTP Rest api server is running on http://localhost:8080/api"
}
{
  "level": "info",
  "message": "The datasource has been initialized"
}
{
  "level": "info",
  "message": "Express has been initialized"
}
{
  "level": "info",
  "message": "HTTP Rest api server is running on http://localhost:8080/api"
}
{
  "level": "info",
  "message": "The datasource has been initialized"
}
{
  "level": "info",
  "message": "Express has been initialized"
}
{
  "level": "info",
  "message": "HTTP Rest api server is running on http://localhost:8080/api"
}
{
  "level": "info",
  "message": "The datasource has been initialized"
}
{
  "level": "info",
  "message": "Express has been initialized"
}
{
  "level": "info",
  "message": "HTTP Rest api server is running on http://localhost:8080/api"
}
{
  "level": "info",
  "message": "The datasource has been initialized"
}
{
  "level": "info",
  "message": "Express has been initialized"
}
{
  "level": "info",
  "message": "HTTP Rest api server is running on http://localhost:8080/api"
}
{
  "level": "info",
  "message": "The datasource has been initialized"
}
{
  "level": "info",
  "message": "Express has been initialized"
}
{
  "level": "info",
  "message": "HTTP Rest api server is running on http://localhost:8080/api"
}
{
  "level": "info",
  "message": "The datasource has been initialized"
}
{
  "level": "info",
  "message": "Express has been initialized"
}
{
  "level": "info",
  "message": "HTTP Rest api server is running on http://localhost:8080/api"
}
{
  "level": "info",
  "message": "The datasource has been initialized"
}
{
  "level": "info",
  "message": "Express has been initialized"
}
{
  "level": "info",
  "message": "HTTP Rest api server is running on http://localhost:8080/api"
}
{
  "level": "info",
  "message": "The datasource has been initialized"
}
{
  "level": "info",
  "message": "The datasource has been initialized"
}
{
  "level": "info",
  "message": "The datasource has been initialized"
}
{
  "level": "info",
  "message": "The datasource has been initialized"
}
{
  "level": "info",
  "message": "The datasource has been initialized"
}
{
  "level": "info",
  "message": "The datasource has been initialized"
}
{
  "level": "info",
  "message": "The datasource has been initialized"
}
{
  "level": "info",
  "message": "The datasource has been initialized"
}
{
  "level": "info",
  "message": "Express has been initialized"
}
{
  "level": "info",
  "message": "HTTP Rest api server is running on http://localhost:8080/api"
}
{
  "code": "23502",
  "column": "active",
  "detail": "Failing row contains (1, Burgers, https://images.unsplash.com/photo-1568901346375-23c9450c58cd?ixl..., 2022-12-20 21:35:17.376805, 2022-12-20 21:35:17.376805, null).",
  "driverError": {
    "code": "23502",
    "column": "active",
    "detail": "Failing row contains (1, Burgers, https://images.unsplash.com/photo-1568901346375-23c9450c58cd?ixl..., 2022-12-20 21:35:17.376805, 2022-12-20 21:35:17.376805, null).",
    "file": "execMain.c",
    "length": 337,
    "line": "1883",
    "name": "error",
    "routine": "ExecConstraints",
    "schema": "public",
    "severity": "ERROR",
    "table": "category"
  },
  "file": "execMain.c",
  "length": 337,
  "level": "error",
  "line": "1883",
  "parameters": [
    "Burgers",
    "https://images.unsplash.com/photo-1568901346375-23c9450c58cd?ixlib=rb-4.0.3&ixid=MnwxMjA3fDB8MHxwaG90by1wYWdlfHx8fGVufDB8fHx8&auto=format&fit=crop&w=1998&q=80"
  ],
  "query": "INSERT INTO \"category\"(\"name\", \"iconUrl\", \"active\", \"createdAt\", \"modifiedAt\") VALUES ($1, $2, DEFAULT, DEFAULT, DEFAULT) RETURNING \"id\", \"createdAt\", \"modifiedAt\"",
  "routine": "ExecConstraints",
  "schema": "public",
  "severity": "ERROR",
  "table": "category"
}
{
  "level": "info",
  "message": "The datasource has been initialized"
}
{
  "level": "info",
  "message": "Express has been initialized"
}
{
  "level": "info",
  "message": "HTTP Rest api server is running on http://localhost:8080/api"
}
{
  "level": "info",
  "message": "new category created"
}
{
  "level": "info",
  "message": "new category created"
}
{
  "level": "info",
  "message": "new category created"
}
{
  "level": "info",
  "message": "The datasource has been initialized"
}
{
  "level": "info",
  "message": "Express has been initialized"
}
{
  "level": "info",
  "message": "HTTP Rest api server is running on http://localhost:8080/api"
}
{
  "level": "info",
  "message": "The datasource has been initialized"
}
{
  "level": "info",
  "message": "Express has been initialized"
}
{
  "level": "info",
  "message": "HTTP Rest api server is running on http://localhost:8080/api"
}
{
  "level": "info",
  "message": "The datasource has been initialized"
}
{
  "level": "info",
  "message": "Express has been initialized"
}
{
  "level": "info",
  "message": "HTTP Rest api server is running on http://localhost:8080/api"
}
{
  "level": "info",
  "message": "The datasource has been initialized"
}
{
  "level": "info",
  "message": "Express has been initialized"
}
{
  "level": "info",
  "message": "HTTP Rest api server is running on http://localhost:8080/api"
}
{
  "level": "info",
  "message": "The datasource has been initialized"
}
{
  "level": "info",
  "message": "Express has been initialized"
}
{
  "level": "info",
  "message": "HTTP Rest api server is running on http://localhost:8080/api"
}
{
  "level": "info",
  "message": "The datasource has been initialized"
}
{
  "level": "info",
  "message": "Express has been initialized"
}
{
  "level": "info",
  "message": "HTTP Rest api server is running on http://localhost:8080/api"
}
{
  "level": "info",
  "message": "The datasource has been initialized"
}
{
  "level": "info",
  "message": "Express has been initialized"
}
{
  "level": "info",
  "message": "HTTP Rest api server is running on http://localhost:8080/api"
}
{
  "level": "info",
  "message": "The datasource has been initialized"
}
{
  "level": "info",
  "message": "The datasource has been initialized"
}
{
  "level": "info",
  "message": "The datasource has been initialized"
}
{
  "level": "info",
  "message": "The datasource has been initialized"
}
{
  "level": "info",
  "message": "Express has been initialized"
}
{
  "level": "info",
  "message": "HTTP Rest api server is running on http://localhost:8080/api"
}
{
  "level": "error",
  "message": "Could not find category with name Burger"
}
{
  "level": "info",
  "message": "The datasource has been initialized"
}
{
  "level": "info",
  "message": "Express has been initialized"
}
{
  "level": "info",
  "message": "HTTP Rest api server is running on http://localhost:8080/api"
}
{
  "level": "info",
  "message": "The datasource has been initialized"
}
{
  "level": "info",
  "message": "Express has been initialized"
}
{
  "level": "info",
  "message": "HTTP Rest api server is running on http://localhost:8080/api"
}
{
  "level": "info",
  "message": "The datasource has been initialized"
}
{
  "level": "info",
  "message": "The datasource has been initialized"
}
{
  "level": "info",
  "message": "The datasource has been initialized"
}
{
  "level": "info",
  "message": "The datasource has been initialized"
}
{
  "level": "info",
  "message": "Express has been initialized"
}
{
  "level": "info",
  "message": "HTTP Rest api server is running on http://localhost:8080/api"
}
{
  "level": "info",
  "message": "The datasource has been initialized"
}
{
  "level": "info",
  "message": "Express has been initialized"
}
{
  "level": "info",
  "message": "HTTP Rest api server is running on http://localhost:8080/api"
}
{
  "level": "info",
  "message": "The datasource has been initialized"
}
{
  "level": "info",
  "message": "Express has been initialized"
}
{
  "level": "info",
  "message": "HTTP Rest api server is running on http://localhost:8080/api"
}
{
  "level": "info",
  "message": "The datasource has been initialized"
}
{
  "level": "info",
  "message": "Express has been initialized"
}
{
  "level": "info",
  "message": "HTTP Rest api server is running on http://localhost:8080/api"
}
{
  "level": "info",
  "message": "The datasource has been initialized"
}
{
  "level": "info",
  "message": "Express has been initialized"
}
{
  "level": "info",
  "message": "HTTP Rest api server is running on http://localhost:8080/api"
}
{
  "level": "info",
  "message": "The datasource has been initialized"
}
{
  "level": "info",
  "message": "Express has been initialized"
}
{
  "level": "info",
  "message": "HTTP Rest api server is running on http://localhost:8080/api"
}
{
  "level": "info",
  "message": "The datasource has been initialized"
}
{
  "level": "info",
  "message": "Express has been initialized"
}
{
  "level": "info",
  "message": "HTTP Rest api server is running on http://localhost:8080/api"
}
{
  "level": "info",
  "message": "The datasource has been initialized"
}
{
  "level": "info",
  "message": "Express has been initialized"
}
{
  "level": "info",
  "message": "HTTP Rest api server is running on http://localhost:8080/api"
}
{
  "level": "info",
  "message": "The datasource has been initialized"
}
{
  "level": "info",
  "message": "Express has been initialized"
}
{
  "level": "info",
  "message": "HTTP Rest api server is running on http://localhost:8080/api"
}
{
  "code": "22P02",
  "driverError": {
    "code": "22P02",
    "file": "numutils.c",
    "length": 141,
    "line": "320",
    "name": "error",
    "routine": "pg_strtoint32",
    "severity": "ERROR",
    "where": "unnamed portal parameter $1 = '...'"
  },
  "file": "numutils.c",
  "length": 141,
  "level": "error",
  "line": "320",
  "parameters": [
    null
  ],
  "query": "SELECT \"Category\".\"id\" AS \"Category_id\", \"Category\".\"name\" AS \"Category_name\", \"Category\".\"iconUrl\" AS \"Category_iconUrl\", \"Category\".\"active\" AS \"Category_active\", \"Category\".\"createdAt\" AS \"Category_createdAt\", \"Category\".\"modifiedAt\" AS \"Category_modifiedAt\" FROM \"category\" \"Category\" WHERE (\"Category\".\"id\" = $1) LIMIT 1",
  "routine": "pg_strtoint32",
  "severity": "ERROR",
  "where": "unnamed portal parameter $1 = '...'"
}
{
  "level": "info",
  "message": "The datasource has been initialized"
}
{
  "level": "info",
  "message": "Express has been initialized"
}
{
  "level": "info",
  "message": "HTTP Rest api server is running on http://localhost:8080/api"
}
{
  "level": "info",
  "message": "The datasource has been initialized"
}
{
  "level": "info",
  "message": "Express has been initialized"
}
{
  "level": "info",
  "message": "HTTP Rest api server is running on http://localhost:8080/api"
}
{
  "level": "info",
  "message": "The datasource has been initialized"
}
{
  "level": "info",
  "message": "Express has been initialized"
}
{
  "level": "info",
  "message": "HTTP Rest api server is running on http://localhost:8080/api"
}
{
  "level": "info",
  "message": "The datasource has been initialized"
}
{
  "level": "info",
  "message": "Express has been initialized"
}
{
  "level": "info",
  "message": "HTTP Rest api server is running on http://localhost:8080/api"
}
{
  "level": "info",
  "message": "The datasource has been initialized"
}
{
  "level": "info",
  "message": "Express has been initialized"
}
{
  "level": "info",
  "message": "HTTP Rest api server is running on http://localhost:8080/api"
}
{
  "level": "info",
  "message": "The datasource has been initialized"
}
{
  "level": "info",
  "message": "Express has been initialized"
}
{
  "level": "info",
  "message": "HTTP Rest api server is running on http://localhost:8080/api"
}
{
  "level": "info",
  "message": "The datasource has been initialized"
}
{
  "level": "info",
  "message": "Express has been initialized"
}
{
  "level": "info",
  "message": "HTTP Rest api server is running on http://localhost:8080/api"
}
{
  "level": "info",
  "message": "The datasource has been initialized"
}
{
  "level": "info",
  "message": "Express has been initialized"
}
{
  "level": "info",
  "message": "HTTP Rest api server is running on http://localhost:8080/api"
}
{
  "level": "info",
  "message": "The datasource has been initialized"
}
{
  "level": "info",
  "message": "Express has been initialized"
}
{
  "level": "info",
  "message": "HTTP Rest api server is running on http://localhost:8080/api"
}
{
  "code": "ERR_HTTP_HEADERS_SENT",
  "level": "error"
}
{
  "level": "error",
  "message": "Could not find category with name Burgersa"
}
{
  "code": "ERR_HTTP_HEADERS_SENT",
  "level": "error"
}
